<?xml version="1.0" encoding="UTF-8" ?>
<testsuite failures="0" time="0.474" errors="0" skipped="0" tests="1" name="com.mwstudio.component.rest.dao.UserDAOTest">
  <properties>
    <property name="jboss.i18n.generate-proxies" value="true"/>
    <property name="java.runtime.name" value="Java(TM) SE Runtime Environment"/>
    <property name="sun.boot.library.path" value="/System/Library/Java/JavaVirtualMachines/1.6.0.jdk/Contents/Libraries"/>
    <property name="java.vm.version" value="20.45-b01-451"/>
    <property name="awt.nativeDoubleBuffering" value="true"/>
    <property name="gopherProxySet" value="false"/>
    <property name="mrj.build" value="11M4406"/>
    <property name="java.vm.vendor" value="Apple Inc."/>
    <property name="java.vendor.url" value="http://www.apple.com/"/>
    <property name="path.separator" value=":"/>
    <property name="java.vm.name" value="Java HotSpot(TM) 64-Bit Server VM"/>
    <property name="file.encoding.pkg" value="sun.io"/>
    <property name="user.country" value="US"/>
    <property name="sun.java.launcher" value="SUN_STANDARD"/>
    <property name="sun.os.patch.level" value="unknown"/>
    <property name="java.vm.specification.name" value="Java Virtual Machine Specification"/>
    <property name="user.dir" value="/Users/mengwang/Documents/dashan/projects/studio/component/studio-service"/>
    <property name="java.runtime.version" value="1.6.0_45-b06-451-11M4406"/>
    <property name="java.awt.graphicsenv" value="apple.awt.CGraphicsEnvironment"/>
    <property name="basedir" value="/Users/mengwang/Documents/dashan/projects/studio/component/studio-service"/>
    <property name="java.endorsed.dirs" value="/System/Library/Java/JavaVirtualMachines/1.6.0.jdk/Contents/Home/lib/endorsed"/>
    <property name="os.arch" value="x86_64"/>
    <property name="surefire.real.class.path" value="/Users/mengwang/Documents/dashan/projects/studio/component/studio-service/target/surefire/surefirebooter8002714966341243459.jar"/>
    <property name="java.io.tmpdir" value="/var/folders/81/0sl3k6x52379f5zdz0zsjcf00000gn/T/"/>
    <property name="line.separator" value="
"/>
    <property name="java.vm.specification.vendor" value="Sun Microsystems Inc."/>
    <property name="os.name" value="Mac OS X"/>
    <property name="sun.jnu.encoding" value="MacRoman"/>
    <property name="java.library.path" value=".:/Library/Java/Extensions:/System/Library/Java/Extensions:/usr/lib/java"/>
    <property name="surefire.test.class.path" value="/Users/mengwang/Documents/dashan/projects/studio/component/studio-service/target/test-classes:/Users/mengwang/Documents/dashan/projects/studio/component/studio-service/target/classes:/Users/mengwang/Documents/dashan/projects/studio/component/studio-pojo/target/studio-pojo-1.0-SNAPSHOT.jar:/Users/mengwang/.m2/repository/junit/junit/4.10/junit-4.10.jar:/Users/mengwang/.m2/repository/org/hamcrest/hamcrest-core/1.1/hamcrest-core-1.1.jar:/Users/mengwang/.m2/repository/com/sun/jersey/jersey-server/1.8/jersey-server-1.8.jar:/Users/mengwang/.m2/repository/asm/asm/3.1/asm-3.1.jar:/Users/mengwang/.m2/repository/com/sun/jersey/jersey-core/1.8/jersey-core-1.8.jar:/Users/mengwang/.m2/repository/javax/xml/bind/jaxb-api/2.1/jaxb-api-2.1.jar:/Users/mengwang/.m2/repository/javax/xml/stream/stax-api/1.0-2/stax-api-1.0-2.jar:/Users/mengwang/.m2/repository/javax/activation/activation/1.1/activation-1.1.jar:/Users/mengwang/.m2/repository/org/springframework/spring-core/3.2.0.RELEASE/spring-core-3.2.0.RELEASE.jar:/Users/mengwang/.m2/repository/commons-logging/commons-logging/1.1.1/commons-logging-1.1.1.jar:/Users/mengwang/.m2/repository/org/springframework/spring-context/3.2.0.RELEASE/spring-context-3.2.0.RELEASE.jar:/Users/mengwang/.m2/repository/org/springframework/spring-expression/3.2.0.RELEASE/spring-expression-3.2.0.RELEASE.jar:/Users/mengwang/.m2/repository/org/springframework/spring-beans/3.2.0.RELEASE/spring-beans-3.2.0.RELEASE.jar:/Users/mengwang/.m2/repository/org/springframework/spring-web/3.2.0.RELEASE/spring-web-3.2.0.RELEASE.jar:/Users/mengwang/.m2/repository/aopalliance/aopalliance/1.0/aopalliance-1.0.jar:/Users/mengwang/.m2/repository/org/springframework/spring-webmvc/3.2.0.RELEASE/spring-webmvc-3.2.0.RELEASE.jar:/Users/mengwang/.m2/repository/org/springframework/spring-orm/3.2.0.RELEASE/spring-orm-3.2.0.RELEASE.jar:/Users/mengwang/.m2/repository/org/springframework/spring-jdbc/3.2.0.RELEASE/spring-jdbc-3.2.0.RELEASE.jar:/Users/mengwang/.m2/repository/org/springframework/spring-tx/3.2.0.RELEASE/spring-tx-3.2.0.RELEASE.jar:/Users/mengwang/.m2/repository/org/springframework/spring-test/3.2.0.RELEASE/spring-test-3.2.0.RELEASE.jar:/Users/mengwang/.m2/repository/com/sun/jersey/contribs/jersey-spring/1.8/jersey-spring-1.8.jar:/Users/mengwang/.m2/repository/org/springframework/spring-aop/2.5.6.SEC03/spring-aop-2.5.6.SEC03.jar:/Users/mengwang/.m2/repository/org/hibernate/hibernate-core/4.2.0.CR2/hibernate-core-4.2.0.CR2.jar:/Users/mengwang/.m2/repository/antlr/antlr/2.7.7/antlr-2.7.7.jar:/Users/mengwang/.m2/repository/org/jboss/logging/jboss-logging/3.1.0.GA/jboss-logging-3.1.0.GA.jar:/Users/mengwang/.m2/repository/org/jboss/spec/javax/transaction/jboss-transaction-api_1.1_spec/1.0.0.Final/jboss-transaction-api_1.1_spec-1.0.0.Final.jar:/Users/mengwang/.m2/repository/dom4j/dom4j/1.6.1/dom4j-1.6.1.jar:/Users/mengwang/.m2/repository/org/hibernate/javax/persistence/hibernate-jpa-2.0-api/1.0.1.Final/hibernate-jpa-2.0-api-1.0.1.Final.jar:/Users/mengwang/.m2/repository/org/javassist/javassist/3.15.0-GA/javassist-3.15.0-GA.jar:/Users/mengwang/.m2/repository/org/hibernate/common/hibernate-commons-annotations/4.0.1.Final/hibernate-commons-annotations-4.0.1.Final.jar:/Users/mengwang/.m2/repository/org/hibernate/hibernate-annotations/3.5.6-Final/hibernate-annotations-3.5.6-Final.jar:/Users/mengwang/.m2/repository/org/hibernate/hibernate-commons-annotations/3.2.0.Final/hibernate-commons-annotations-3.2.0.Final.jar:/Users/mengwang/.m2/repository/org/slf4j/slf4j-api/1.5.8/slf4j-api-1.5.8.jar:/Users/mengwang/.m2/repository/javax/persistence/persistence-api/1.0.2/persistence-api-1.0.2.jar:/Users/mengwang/.m2/repository/commons-dbcp/commons-dbcp/1.4/commons-dbcp-1.4.jar:/Users/mengwang/.m2/repository/commons-pool/commons-pool/1.5.4/commons-pool-1.5.4.jar:/Users/mengwang/.m2/repository/cglib/cglib/2.2/cglib-2.2.jar:/Users/mengwang/.m2/repository/org/hsqldb/hsqldb/2.2.9/hsqldb-2.2.9.jar:"/>
    <property name="java.specification.name" value="Java Platform API Specification"/>
    <property name="java.class.version" value="50.0"/>
    <property name="sun.management.compiler" value="HotSpot 64-Bit Tiered Compilers"/>
    <property name="os.version" value="10.7.5"/>
    <property name="http.nonProxyHosts" value="local|*.local|169.254/16|*.169.254/16"/>
    <property name="user.home" value="/Users/mengwang"/>
    <property name="user.timezone" value="Europe/London"/>
    <property name="java.awt.printerjob" value="apple.awt.CPrinterJob"/>
    <property name="java.specification.version" value="1.6"/>
    <property name="file.encoding" value="MacRoman"/>
    <property name="user.name" value="mengwang"/>
    <property name="java.class.path" value="/Users/mengwang/Documents/dashan/projects/studio/component/studio-service/target/test-classes:/Users/mengwang/Documents/dashan/projects/studio/component/studio-service/target/classes:/Users/mengwang/Documents/dashan/projects/studio/component/studio-pojo/target/studio-pojo-1.0-SNAPSHOT.jar:/Users/mengwang/.m2/repository/junit/junit/4.10/junit-4.10.jar:/Users/mengwang/.m2/repository/org/hamcrest/hamcrest-core/1.1/hamcrest-core-1.1.jar:/Users/mengwang/.m2/repository/com/sun/jersey/jersey-server/1.8/jersey-server-1.8.jar:/Users/mengwang/.m2/repository/asm/asm/3.1/asm-3.1.jar:/Users/mengwang/.m2/repository/com/sun/jersey/jersey-core/1.8/jersey-core-1.8.jar:/Users/mengwang/.m2/repository/javax/xml/bind/jaxb-api/2.1/jaxb-api-2.1.jar:/Users/mengwang/.m2/repository/javax/xml/stream/stax-api/1.0-2/stax-api-1.0-2.jar:/Users/mengwang/.m2/repository/javax/activation/activation/1.1/activation-1.1.jar:/Users/mengwang/.m2/repository/org/springframework/spring-core/3.2.0.RELEASE/spring-core-3.2.0.RELEASE.jar:/Users/mengwang/.m2/repository/commons-logging/commons-logging/1.1.1/commons-logging-1.1.1.jar:/Users/mengwang/.m2/repository/org/springframework/spring-context/3.2.0.RELEASE/spring-context-3.2.0.RELEASE.jar:/Users/mengwang/.m2/repository/org/springframework/spring-expression/3.2.0.RELEASE/spring-expression-3.2.0.RELEASE.jar:/Users/mengwang/.m2/repository/org/springframework/spring-beans/3.2.0.RELEASE/spring-beans-3.2.0.RELEASE.jar:/Users/mengwang/.m2/repository/org/springframework/spring-web/3.2.0.RELEASE/spring-web-3.2.0.RELEASE.jar:/Users/mengwang/.m2/repository/aopalliance/aopalliance/1.0/aopalliance-1.0.jar:/Users/mengwang/.m2/repository/org/springframework/spring-webmvc/3.2.0.RELEASE/spring-webmvc-3.2.0.RELEASE.jar:/Users/mengwang/.m2/repository/org/springframework/spring-orm/3.2.0.RELEASE/spring-orm-3.2.0.RELEASE.jar:/Users/mengwang/.m2/repository/org/springframework/spring-jdbc/3.2.0.RELEASE/spring-jdbc-3.2.0.RELEASE.jar:/Users/mengwang/.m2/repository/org/springframework/spring-tx/3.2.0.RELEASE/spring-tx-3.2.0.RELEASE.jar:/Users/mengwang/.m2/repository/org/springframework/spring-test/3.2.0.RELEASE/spring-test-3.2.0.RELEASE.jar:/Users/mengwang/.m2/repository/com/sun/jersey/contribs/jersey-spring/1.8/jersey-spring-1.8.jar:/Users/mengwang/.m2/repository/org/springframework/spring-aop/2.5.6.SEC03/spring-aop-2.5.6.SEC03.jar:/Users/mengwang/.m2/repository/org/hibernate/hibernate-core/4.2.0.CR2/hibernate-core-4.2.0.CR2.jar:/Users/mengwang/.m2/repository/antlr/antlr/2.7.7/antlr-2.7.7.jar:/Users/mengwang/.m2/repository/org/jboss/logging/jboss-logging/3.1.0.GA/jboss-logging-3.1.0.GA.jar:/Users/mengwang/.m2/repository/org/jboss/spec/javax/transaction/jboss-transaction-api_1.1_spec/1.0.0.Final/jboss-transaction-api_1.1_spec-1.0.0.Final.jar:/Users/mengwang/.m2/repository/dom4j/dom4j/1.6.1/dom4j-1.6.1.jar:/Users/mengwang/.m2/repository/org/hibernate/javax/persistence/hibernate-jpa-2.0-api/1.0.1.Final/hibernate-jpa-2.0-api-1.0.1.Final.jar:/Users/mengwang/.m2/repository/org/javassist/javassist/3.15.0-GA/javassist-3.15.0-GA.jar:/Users/mengwang/.m2/repository/org/hibernate/common/hibernate-commons-annotations/4.0.1.Final/hibernate-commons-annotations-4.0.1.Final.jar:/Users/mengwang/.m2/repository/org/hibernate/hibernate-annotations/3.5.6-Final/hibernate-annotations-3.5.6-Final.jar:/Users/mengwang/.m2/repository/org/hibernate/hibernate-commons-annotations/3.2.0.Final/hibernate-commons-annotations-3.2.0.Final.jar:/Users/mengwang/.m2/repository/org/slf4j/slf4j-api/1.5.8/slf4j-api-1.5.8.jar:/Users/mengwang/.m2/repository/javax/persistence/persistence-api/1.0.2/persistence-api-1.0.2.jar:/Users/mengwang/.m2/repository/commons-dbcp/commons-dbcp/1.4/commons-dbcp-1.4.jar:/Users/mengwang/.m2/repository/commons-pool/commons-pool/1.5.4/commons-pool-1.5.4.jar:/Users/mengwang/.m2/repository/cglib/cglib/2.2/cglib-2.2.jar:/Users/mengwang/.m2/repository/org/hsqldb/hsqldb/2.2.9/hsqldb-2.2.9.jar:"/>
    <property name="java.vm.specification.version" value="1.0"/>
    <property name="sun.arch.data.model" value="64"/>
    <property name="java.home" value="/System/Library/Java/JavaVirtualMachines/1.6.0.jdk/Contents/Home"/>
    <property name="sun.java.command" value="/Users/mengwang/Documents/dashan/projects/studio/component/studio-service/target/surefire/surefirebooter8002714966341243459.jar /Users/mengwang/Documents/dashan/projects/studio/component/studio-service/target/surefire/surefire4834875309088919788tmp /Users/mengwang/Documents/dashan/projects/studio/component/studio-service/target/surefire/surefire3778215265673819751tmp"/>
    <property name="java.specification.vendor" value="Sun Microsystems Inc."/>
    <property name="user.language" value="en"/>
    <property name="awt.toolkit" value="apple.awt.CToolkit"/>
    <property name="java.vm.info" value="mixed mode"/>
    <property name="java.version" value="1.6.0_45"/>
    <property name="java.ext.dirs" value="/Library/Java/Extensions:/System/Library/Java/Extensions:/System/Library/Java/JavaVirtualMachines/1.6.0.jdk/Contents/Home/lib/ext"/>
    <property name="sun.boot.class.path" value="/System/Library/Java/JavaVirtualMachines/1.6.0.jdk/Contents/Classes/jsfd.jar:/System/Library/Java/JavaVirtualMachines/1.6.0.jdk/Contents/Classes/classes.jar:/System/Library/Frameworks/JavaVM.framework/Frameworks/JavaRuntimeSupport.framework/Resources/Java/JavaRuntimeSupport.jar:/System/Library/Java/JavaVirtualMachines/1.6.0.jdk/Contents/Classes/ui.jar:/System/Library/Java/JavaVirtualMachines/1.6.0.jdk/Contents/Classes/laf.jar:/System/Library/Java/JavaVirtualMachines/1.6.0.jdk/Contents/Classes/sunrsasign.jar:/System/Library/Java/JavaVirtualMachines/1.6.0.jdk/Contents/Classes/jsse.jar:/System/Library/Java/JavaVirtualMachines/1.6.0.jdk/Contents/Classes/jce.jar:/System/Library/Java/JavaVirtualMachines/1.6.0.jdk/Contents/Classes/charsets.jar"/>
    <property name="java.vendor" value="Apple Inc."/>
    <property name="localRepository" value="/Users/mengwang/.m2/repository"/>
    <property name="file.separator" value="/"/>
    <property name="java.vendor.url.bug" value="http://bugreport.apple.com/"/>
    <property name="sun.cpu.endian" value="little"/>
    <property name="sun.io.unicode.encoding" value="UnicodeLittle"/>
    <property name="mrj.version" value="1070.1.6.0_45-451"/>
    <property name="socksNonProxyHosts" value="local|*.local|169.254/16|*.169.254/16"/>
    <property name="ftp.nonProxyHosts" value="local|*.local|169.254/16|*.169.254/16"/>
    <property name="sun.cpu.isalist" value=""/>
  </properties>
  <testcase time="0.462" classname="com.mwstudio.component.rest.dao.UserDAOTest" name="userDAOTest"/>
</testsuite>